2016-03-17T09:43:19.634Z - info: Creating local storage instance at path: C:\Users\crabb\Documents\code\tink-gis-angular\Users\crabb\AppData\Roaming\Slack\redux-state.json
2016-03-17T09:43:19.634Z - error: Couldn't load C:\Users\crabb\Documents\code\tink-gis-angular\Users\crabb\AppData\Roaming\Slack\redux-state.json: ENOENT: no such file or directory, open 'C:\Users\crabb\Documents\code\tink-gis-angular\Users\crabb\AppData\Roaming\Slack\redux-state.json'
2016-03-17T09:43:19.634Z - error: Couldn't load storage: SyntaxError: Unexpected token u
2016-03-17T09:43:19.634Z - info: LOAD_PERSISTENT: {"updated":{}}
2016-03-17T09:43:19.649Z - info: Creating local storage instance at path: C:\Users\crabb\Documents\code\tink-gis-angular\Users\crabb\AppData\Roaming\Slack\local-settings.json
2016-03-17T09:43:19.649Z - error: Couldn't load C:\Users\crabb\Documents\code\tink-gis-angular\Users\crabb\AppData\Roaming\Slack\local-settings.json: ENOENT: no such file or directory, open 'C:\Users\crabb\Documents\code\tink-gis-angular\Users\crabb\AppData\Roaming\Slack\local-settings.json'
2016-03-17T09:43:19.649Z - info: LOAD_LEGACY: {"updated":{"settings":{"hasRunApp":false,"hasRunFromTray":false,"autoHideMenuBar":false,"hasMigratedData":{"browser":true}}}}
2016-03-17T09:43:19.912Z - info: UPDATE_SETTINGS: {"isDevMode":false,"appVersion":"2.0.1","versionName":"Take Care","devEnv":null,"isTestMode":false,"resourcePath":"C:\\Users\\crabb\\AppData\\Local\\slack\\app-2.0.1\\resources\\app.asar","launchOnStartup":false,"platformVersion":{"major":10,"minor":0,"build":10586},"releaseChannel":"prod","pretendNotReallyWindows10":false,"logFile":null,"specPath":"C:\\Users\\crabb\\AppData\\Local\\slack\\app-2.0.1\\resources\\app.asar\\spec","isTitleBarHidden":false}
2016-03-17T09:43:20.035Z - info: Showing a tray balloon with title: Welcome to Slack!
2016-03-17T09:43:20.188Z - info: UPDATE_SETTINGS: {"hasRunApp":true}
2016-03-17T09:43:20.251Z - info: Loading windowMetrics: null
2016-03-17T09:43:20.289Z - info: UPDATE_SETTINGS: {"PrefSSBFileDownloadPath":"C:\\Users\\crabb\\Downloads"}
2016-03-17T09:43:20.304Z - info: ADD_WINDOW: {"windowId":1,"windowType":"MAIN","options":{"resourcePath":"C:\\Users\\crabb\\AppData\\Local\\slack\\app-2.0.1\\resources\\app.asar","show":false,"showOnLoad":false,"title":"Slack","version":"2.0.1","useHwAcceleration":true,"autoHideMenuBar":false,"preload":"C:\\Users\\crabb\\AppData\\Local\\slack\\app-2.0.1\\resources\\app.asar\\static\\index.js","testMode":false,"logFile":null,"liveReload":false,"specPath":"C:\\Users\\crabb\\AppData\\Local\\slack\\app-2.0.1\\resources\\app.asar\\spec","invokedOnStartup":false,"_productName":"Slack","_companyName":"Slack Technologies","_version":"2.0.1","isDevMode":false,"appVersion":"2.0.1","versionName":"Take Care","devEnv":null,"isTestMode":false,"launchOnStartup":false,"platformVersion":{"major":10,"minor":0,"build":10586},"releaseChannel":"prod","pretendNotReallyWindows10":false,"isTitleBarHidden":false,"fallbackDictionary":"C:\\Users\\crabb\\AppData\\Local\\slack\\dictionaries","windowType":"MAIN","bootstrapScript":"C:\\Users\\crabb\\AppData\\Local\\slack\\app-2.0.1\\resources\\app.asar\\src\\renderer\\main.js","icon":"C:\\Users\\crabb\\AppData\\Local\\slack\\app-2.0.1\\resources\\app.asar.unpacked\\static\\spaceball.png","acceptFirstMouse":true,"webPreferences":{"plugins":true,"subpixelFontScaling":true,"directWrite":true,"preload":"C:\\Users\\crabb\\AppData\\Local\\slack\\app-2.0.1\\resources\\app.asar\\static\\index.js"}}}
2016-03-17T09:43:20.351Z - info: Welcome to Slack 2.0.1 ia32
2016-03-17T09:43:20.351Z - info: App load time: 918ms
2016-03-17T09:43:22.879Z - info: invokedOnStartup: false
2016-03-17T09:43:22.880Z - info: WINDOW_DID_LOAD: 1
2016-03-17T09:43:22.887Z - info: SHOW_WINDOW_BY_ID: 1
2016-03-17T09:43:22.914Z - info: FOCUS_PRIMARY_TEAM: empty
2016-03-17T09:43:25.221Z - info: FOCUS_PRIMARY_TEAM: empty
2016-03-17T09:43:27.506Z - info: FOCUS_PRIMARY_TEAM: empty
2016-03-17T09:47:52.824Z - info: FOCUS_PRIMARY_TEAM: empty
2016-03-17T09:48:06.249Z - info: FOCUS_PRIMARY_TEAM: empty
2016-03-17T09:48:07.981Z - info: FOCUS_PRIMARY_TEAM: empty
2016-03-17T09:48:32.386Z - info: FOREGROUND_APP: empty
2016-03-17T09:48:32.394Z - info: FOCUS_PRIMARY_TEAM: empty
2016-03-17T09:48:32.416Z - info: HANDLE_DEEP_LINK: {"url":"slack://T0M4APB25/magic-login/27376218549-oZ0d63d3se"}
2016-03-17T09:48:32.443Z - info: Making loginMagic request: https://slack.com/api/auth.loginMagic?team=T0M4APB25&magic_token=27376218549-oZ0d63d3se&ssb=1
2016-03-17T09:48:33.357Z - info: FOCUS_PRIMARY_TEAM: empty
2016-03-17T09:48:33.657Z - info: ADD_NEW_TEAM: {"team_id":"T0M4APB25","team_name":"GIS","id":"U0MBTSK0T","name":"maxim","team_url":"https://digigis.slack.com/messages"}
2016-03-17T09:54:16.854Z - info: FOCUS_PRIMARY_TEAM: empty
